2023-02-20 23:53:29.675 [INFO] [gorm.go:38] : 连接mysql [root:xu1314@tcp(175.178.89.162:3306)/GinMasterReWi?charset=utf8&loc=Local&parseTime=true]
2023-02-20 23:53:30.047 [INFO] [main.go:60] : 路由初始化完成
2023-02-20 23:53:30.047 [INFO] [http_server.go:38] : HTTP Server listen: :3688
2023-02-20 23:53:30.657 [INFO] [jobbase.go:146] : 2023-02-20 23:53:30 [INFO] JobCore start success.
2023-02-20 23:54:46.273 [INFO] [gorm.go:38] : 连接mysql [root:xu1314@tcp(175.178.89.162:3306)/GinMasterReWi?charset=utf8&loc=Local&parseTime=true]
2023-02-20 23:54:46.741 [INFO] [main.go:60] : 路由初始化完成
2023-02-20 23:54:46.741 [INFO] [http_server.go:38] : HTTP Server listen: :3688
2023-02-20 23:54:47.440 [INFO] [jobbase.go:146] : 2023-02-20 23:54:47 [INFO] JobCore start success.
2023-02-20 23:54:47.993 [INFO] [log.go:34] [GET=/system/tenant/list] : 获取SysTenant分页列表 ->533ms
2023-02-20 23:54:51.630 [INFO] [log.go:34] [GET=/system/tenant/list] : 获取SysTenant分页列表 ->423ms
2023-02-20 23:54:53.265 [INFO] [log.go:34] [GET=/system/dict/data/type] : 获取字典数据列表通过字典类型 ->257ms
2023-02-20 23:54:53.780 [INFO] [log.go:34] [GET=/system/api/list] : 获取api分页列表 ->773ms
2023-02-20 23:54:57.111 [INFO] [log.go:34] [GET=/system/dict/data/type] : 获取字典数据列表通过字典类型 ->295ms
2023-02-20 23:54:57.406 [INFO] [log.go:34] [GET=/system/api/list] : 获取api分页列表 ->590ms
2023-02-20 23:55:02.401 [INFO] [log.go:34] [GET=/system/dict/data/type] : 获取字典数据列表通过字典类型 ->248ms
2023-02-20 23:55:02.687 [INFO] [log.go:34] [GET=/system/api/list] : 获取api分页列表 ->536ms
2023-02-20 23:55:05.345 [INFO] [log.go:34] [GET=/system/dict/data/type] : 获取字典数据列表通过字典类型 ->376ms
2023-02-20 23:55:05.451 [INFO] [log.go:34] [GET=/system/api/list] : 获取api分页列表 ->484ms
2023-02-20 23:55:07.259 [INFO] [log.go:34] [GET=/system/dict/data/type] : 获取字典数据列表通过字典类型 ->323ms
2023-02-20 23:55:07.509 [INFO] [log.go:34] [GET=/system/api/list] : 获取api分页列表 ->572ms
2023-02-20 23:55:16.493 [INFO] [gorm.go:38] : 连接mysql [root:xu1314@tcp(175.178.89.162:3306)/GinMasterReWi?charset=utf8&loc=Local&parseTime=true]
2023-02-20 23:55:16.907 [INFO] [main.go:60] : 路由初始化完成
2023-02-20 23:55:16.907 [INFO] [http_server.go:38] : HTTP Server listen: :3688
2023-02-20 23:55:17.620 [INFO] [jobbase.go:146] : 2023-02-20 23:55:17 [INFO] JobCore start success.
2023-02-20 23:56:50.707 [INFO] [log.go:34] [GET=/system/dict/data/type] : 获取字典数据列表通过字典类型 ->235ms
2023-02-20 23:56:50.884 [INFO] [log.go:34] [GET=/system/api/list] : 获取api分页列表 ->412ms
2023-02-20 23:57:26.972 [INFO] [log.go:34] [GET=/system/dict/data/type] : 获取字典数据列表通过字典类型 ->350ms
2023-02-20 23:57:27.181 [INFO] [log.go:34] [GET=/system/api/list] : 获取api分页列表 ->559ms
2023-02-20 23:58:20.071 [INFO] [log.go:34] [GET=/system/dict/data/type] : 获取字典数据列表通过字典类型 ->238ms
2023-02-20 23:58:20.329 [INFO] [log.go:34] [GET=/system/api/list] : 获取api分页列表 ->496ms
2023-02-20 23:58:24.428 [INFO] [log.go:34] [GET=/system/dict/data/type] : 获取字典数据列表通过字典类型 ->232ms
2023-02-20 23:58:24.447 [INFO] [log.go:34] [GET=/system/dict/data/type] : 获取字典数据列表通过字典类型 ->250ms
2023-02-20 23:58:24.697 [INFO] [log.go:34] [GET=/log/logOper/list] : 获取操作日志列表 ->500ms
2023-02-20 23:58:26.052 [INFO] [log.go:34] [GET=/system/dict/data/type] : 获取字典数据列表通过字典类型 ->380ms
2023-02-20 23:58:26.085 [INFO] [log.go:34] [GET=/system/dict/data/type] : 获取字典数据列表通过字典类型 ->414ms
2023-02-20 23:58:26.149 [INFO] [log.go:34] [GET=/log/logJob/list] : 获取操作日志列表 ->479ms
2023-02-20 23:58:27.862 [INFO] [log.go:34] [GET=/system/dict/data/type] : 获取字典数据列表通过字典类型 ->226ms
2023-02-20 23:58:27.997 [INFO] [log.go:34] [GET=/log/logLogin/list] : 获取登录日志列表 ->361ms
2023-02-20 23:58:33.116 [INFO] [log.go:34] [GET=/system/dict/data/type] : 获取字典数据列表通过字典类型 ->229ms
2023-02-20 23:58:33.133 [INFO] [log.go:34] [GET=/system/dict/data/type] : 获取字典数据列表通过字典类型 ->246ms
2023-02-20 23:58:33.361 [INFO] [log.go:34] [GET=/log/logOper/list] : 获取操作日志列表 ->474ms
2023-02-20 23:58:38.652 [INFO] [log.go:34] [GET=/log/logOper/list] : 获取操作日志列表 ->492ms
2023-02-20 23:58:43.175 [INFO] [log.go:34] [GET=/system/tenant/list] : 获取SysTenant分页列表 ->471ms
2023-02-20 23:58:51.056 [INFO] [log.go:34] [POST=/system/tenant] : 添加SysTenant信息 ->302ms
2023-02-20 23:58:51.510 [INFO] [log.go:34] [GET=/system/tenant/list] : 获取SysTenant分页列表 ->436ms
2023-02-20 23:58:56.551 [INFO] [log.go:34] [GET=/system/tenant/list] : 获取SysTenant分页列表 ->600ms
2023-02-20 23:59:00.910 [INFO] [log.go:34] [GET=/system/dict/data/type] : 获取字典数据列表通过字典类型 ->213ms
2023-02-20 23:59:00.919 [INFO] [log.go:34] [GET=/system/dict/data/type] : 获取字典数据列表通过字典类型 ->222ms
2023-02-20 23:59:01.181 [INFO] [log.go:34] [GET=/log/logOper/list] : 获取操作日志列表 ->484ms
2023-02-20 23:59:06.239 [INFO] [log.go:34] [GET=/log/logOper/list] : 获取操作日志列表 ->396ms
2023-02-20 23:59:11.760 [INFO] [log.go:34] [GET=/log/logOper/list] : 获取操作日志列表 ->511ms
2023-02-20 23:59:18.535 [INFO] [log.go:34] [GET=/log/logOper/list] : 获取操作日志列表 ->370ms
2023-02-20 23:59:21.580 [INFO] [log.go:34] [GET=/system/dict/data/type] : 获取字典数据列表通过字典类型 ->244ms
2023-02-20 23:59:21.722 [INFO] [log.go:34] [GET=/system/dict/data/type] : 获取字典数据列表通过字典类型 ->386ms
2023-02-20 23:59:21.743 [INFO] [log.go:34] [GET=/log/logOper/list] : 获取操作日志列表 ->408ms
2023-02-20 23:59:27.160 [INFO] [log.go:34] [GET=/log/logOper/list] : 获取操作日志列表 ->444ms
